#
# There is insufficient memory for the Java Runtime Environment to continue.
# Native memory allocation (malloc) failed to allocate 1007680 bytes for Chunk::new
# Possible reasons:
#   The system is out of physical RAM or swap space
#   In 32 bit mode, the process size limit was hit
# Possible solutions:
#   Reduce memory load on the system
#   Increase physical memory or swap space
#   Check if swap backing store is full
#   Use 64 bit Java on a 64 bit OS
#   Decrease Java heap size (-Xmx/-Xms)
#   Decrease number of Java threads
#   Decrease Java thread stack sizes (-Xss)
#   Set larger code cache with -XX:ReservedCodeCacheSize=
# This output file may be truncated or incomplete.
#
#  Out of Memory Error (allocation.cpp:390), pid=34788, tid=0x0000000000008048
#
# JRE version: Java(TM) SE Runtime Environment (8.0_181-b13) (build 1.8.0_181-b13)
# Java VM: Java HotSpot(TM) 64-Bit Server VM (25.181-b13 mixed mode windows-amd64 compressed oops)
# Failed to write core dump. Minidumps are not enabled by default on client versions of Windows
#

---------------  T H R E A D  ---------------

Current thread (0x0000000019cdc800):  JavaThread "C2 CompilerThread0" daemon [_thread_in_native, id=32840, stack(0x000000001a350000,0x000000001a450000)]

Stack: [0x000000001a350000,0x000000001a450000]
[error occurred during error reporting (printing stack bounds), id 0xc0000005]

Native frames: (J=compiled Java code, j=interpreted, Vv=VM code, C=native code)


Current CompileTask:
C2:  33233 18430       4       com.android.tools.r8.graph.S::collectMixedSectionItems (9 bytes)


---------------  P R O C E S S  ---------------

Java Threads: ( => current thread )
  0x000000001ae99800 JavaThread "WorkerExecutor Queue Thread 10" [_thread_blocked, id=5808, stack(0x000000002cfe0000,0x000000002d0e0000)]
  0x000000001ae92000 JavaThread "WorkerExecutor Queue Thread 9" [_thread_blocked, id=25876, stack(0x000000002cee0000,0x000000002cfe0000)]
  0x000000001ae8f800 JavaThread "Cache worker for Java compile cache (D:\GitCode\Android-Pratice\SwordDemoLibrary\.gradle\6.1.1\javaCompile)" [_thread_blocked, id=33048, stack(0x000000002c7e0000,0x000000002c8e0000)]
  0x000000001ae91000 JavaThread "Cache worker for Java compile cache (C:\Users\Administrator\.gradle\caches\6.1.1\javaCompile)" [_thread_blocked, id=34152, stack(0x000000002ac20000,0x000000002ad20000)]
  0x000000001ae8e000 JavaThread "RMI TCP Connection(1)-127.0.0.1" daemon [_thread_in_native, id=34592, stack(0x000000002c6e0000,0x000000002c7e0000)]
  0x000000001ae8d800 JavaThread "RMI Reaper" [_thread_blocked, id=34532, stack(0x000000002c5e0000,0x000000002c6e0000)]
  0x000000001ae8f000 JavaThread "RMI TCP Accept-0" daemon [_thread_in_native, id=10552, stack(0x000000002c4e0000,0x000000002c5e0000)]
  0x000000001ae8c800 JavaThread "GC Daemon" daemon [_thread_blocked, id=36292, stack(0x000000002c3e0000,0x000000002c4e0000)]
  0x0000000021caa000 JavaThread "RMI Scheduler(0)" daemon [_thread_blocked, id=37152, stack(0x000000002bb80000,0x000000002bc80000)]
  0x00000000266a4800 JavaThread "stdout" [_thread_in_native, id=31412, stack(0x000000002ba80000,0x000000002bb80000)]
  0x00000000266a3800 JavaThread "stderr" [_thread_in_native, id=28344, stack(0x000000002b980000,0x000000002ba80000)]
  0x000000002669c000 JavaThread "stdout" [_thread_in_native, id=37516, stack(0x000000002b880000,0x000000002b980000)]
  0x000000002669d800 JavaThread "stderr" [_thread_in_native, id=30452, stack(0x000000002b780000,0x000000002b880000)]
  0x00000000266a3000 JavaThread "stdout" [_thread_in_native, id=35720, stack(0x000000002b680000,0x000000002b780000)]
  0x000000002669b800 JavaThread "stderr" [_thread_in_native, id=30760, stack(0x000000002b580000,0x000000002b680000)]
  0x00000000266a0000 JavaThread "stdout" [_thread_in_native, id=2352, stack(0x000000002b480000,0x000000002b580000)]
  0x000000002669f000 JavaThread "stderr" [_thread_in_native, id=28272, stack(0x000000002b220000,0x000000002b320000)]
  0x000000002669e800 JavaThread "WorkerExecutor Queue Thread 8" [_thread_blocked, id=34808, stack(0x000000002b380000,0x000000002b480000)]
  0x00000000266a1800 JavaThread "Java2D Disposer" daemon [_thread_blocked, id=37348, stack(0x000000002b120000,0x000000002b220000)]
  0x00000000266a0800 JavaThread "WorkerExecutor Queue Thread 7" [_thread_blocked, id=31336, stack(0x000000002ae20000,0x000000002af20000)]
  0x000000002669d000 JavaThread "WorkerExecutor Queue Thread 6" [_thread_blocked, id=23768, stack(0x000000002ad20000,0x000000002ae20000)]
  0x0000000026695000 JavaThread "WorkerExecutor Queue Thread 4" [_thread_blocked, id=25632, stack(0x000000002ab20000,0x000000002ac20000)]
  0x000000002669a000 JavaThread "WorkerExecutor Queue Thread 3" [_thread_blocked, id=5064, stack(0x000000002aa20000,0x000000002ab20000)]
  0x0000000026698000 JavaThread "WorkerExecutor Queue Thread 2" [_thread_blocked, id=23916, stack(0x000000002a920000,0x000000002aa20000)]
  0x0000000026696800 JavaThread "WorkerExecutor Queue" [_thread_blocked, id=25312, stack(0x000000002a820000,0x000000002a920000)]
  0x0000000021ca8800 JavaThread "stdout" [_thread_in_native, id=712, stack(0x000000002a520000,0x000000002a620000)]
  0x0000000021ca7000 JavaThread "stderr" [_thread_in_native, id=37008, stack(0x000000002a420000,0x000000002a520000)]
  0x0000000021ca8000 JavaThread "stdout" [_thread_in_native, id=26028, stack(0x000000002a320000,0x000000002a420000)]
  0x0000000021ca6800 JavaThread "stderr" [_thread_in_native, id=37052, stack(0x000000002a220000,0x000000002a320000)]
  0x0000000021ca5800 JavaThread "stdout" [_thread_in_native, id=29020, stack(0x000000002a120000,0x000000002a220000)]
  0x0000000021ca9800 JavaThread "stderr" [_thread_in_native, id=25484, stack(0x0000000029e80000,0x0000000029f80000)]
  0x0000000021cab000 JavaThread "stdout" [_thread_in_native, id=5928, stack(0x00000000293f0000,0x00000000294f0000)]
  0x0000000021c9e000 JavaThread "stderr" [_thread_in_native, id=36456, stack(0x0000000029010000,0x0000000029110000)]
  0x0000000021c9c800 JavaThread "pool-2-thread-1" [_thread_blocked, id=18228, stack(0x0000000028f10000,0x0000000029010000)]
  0x0000000021ca5000 JavaThread "Cache worker for execution history cache (D:\GitCode\Android-Pratice\SwordDemoLibrary\.gradle\6.1.1\executionHistory)" [_thread_blocked, id=34372, stack(0x000000002a020000,0x000000002a120000)]
  0x0000000021ca3800 JavaThread "Execution worker for ':' Thread 7" [_thread_blocked, id=32316, stack(0x0000000029b80000,0x0000000029c80000)]
  0x0000000021ca4000 JavaThread "Execution worker for ':' Thread 6" [_thread_blocked, id=30980, stack(0x0000000029a80000,0x0000000029b80000)]
  0x0000000021c9c000 JavaThread "Execution worker for ':' Thread 5" [_thread_blocked, id=36196, stack(0x0000000029980000,0x0000000029a80000)]
  0x0000000021ca1000 JavaThread "Execution worker for ':' Thread 4" [_thread_blocked, id=22372, stack(0x0000000029880000,0x0000000029980000)]
  0x0000000021ca0800 JavaThread "Execution worker for ':' Thread 3" [_thread_blocked, id=35880, stack(0x0000000029780000,0x0000000029880000)]
  0x0000000021c9d800 JavaThread "Execution worker for ':' Thread 2" [_thread_in_Java, id=34032, stack(0x0000000029680000,0x0000000029780000)]
  0x0000000021ca2000 JavaThread "Execution worker for ':'" [_thread_blocked, id=7300, stack(0x0000000029580000,0x0000000029680000)]
  0x0000000021c9f800 JavaThread "Cache worker for file content cache (D:\GitCode\Android-Pratice\SwordDemoLibrary\.gradle\6.1.1\fileContent)" [_thread_blocked, id=34464, stack(0x0000000027460000,0x0000000027560000)]
  0x0000000021c9f000 JavaThread "Cache worker for file content cache (C:\Users\Administrator\.gradle\caches\6.1.1\fileContent)" [_thread_blocked, id=15960, stack(0x0000000027360000,0x0000000027460000)]
  0x000000001c4a5800 JavaThread "Memory manager" [_thread_blocked, id=36872, stack(0x0000000025c10000,0x0000000025d10000)]
  0x000000001c4a4000 JavaThread "Cache worker for Build Output Cleanup Cache (D:\GitCode\Android-Pratice\SwordDemoLibrary\.gradle\buildOutputCleanup)" [_thread_blocked, id=14512, stack(0x0000000025510000,0x0000000025610000)]
  0x000000001c4aa800 JavaThread "pool-1-thread-1" [_thread_blocked, id=32388, stack(0x00000000239d0000,0x0000000023ad0000)]
  0x000000001c4a4800 JavaThread "Build operations Thread 8" [_thread_blocked, id=33324, stack(0x0000000024040000,0x0000000024140000)]
  0x000000001c4aa000 JavaThread "Build operations Thread 7" [_thread_blocked, id=31044, stack(0x0000000023f40000,0x0000000024040000)]
  0x000000001c4a8800 JavaThread "Build operations Thread 6" [_thread_blocked, id=37172, stack(0x0000000023e40000,0x0000000023f40000)]
  0x000000001c4a7000 JavaThread "Build operations Thread 5" [_thread_blocked, id=16268, stack(0x0000000023d40000,0x0000000023e40000)]
  0x000000001c4a6000 JavaThread "Build operations Thread 4" [_thread_blocked, id=12936, stack(0x0000000023c40000,0x0000000023d40000)]
  0x000000001c4a9000 JavaThread "Build operations Thread 3" [_thread_blocked, id=24184, stack(0x0000000023b40000,0x0000000023c40000)]
  0x000000001c49c800 JavaThread "Build operations Thread 2" [_thread_blocked, id=1360, stack(0x00000000234b0000,0x00000000235b0000)]
  0x000000001c4a1000 JavaThread "gradle-enterprise-worker-0" [_thread_blocked, id=34556, stack(0x0000000022fb0000,0x00000000230b0000)]
  0x000000001c49d000 JavaThread "Build operations" [_thread_blocked, id=36336, stack(0x0000000022cb0000,0x0000000022db0000)]
  0x000000001c4a3000 JavaThread "Cache worker for execution history cache (C:\Users\Administrator\.gradle\caches\6.1.1\executionHistory)" [_thread_blocked, id=29992, stack(0x0000000020a90000,0x0000000020b90000)]
  0x0000000019cec000 JavaThread "Cache worker for cache directory md-rule (C:\Users\Administrator\.gradle\caches\6.1.1\md-rule)" [_thread_blocked, id=35268, stack(0x0000000020790000,0x0000000020890000)]
  0x0000000019ceb800 JavaThread "Cache worker for cache directory md-supplier (C:\Users\Administrator\.gradle\caches\6.1.1\md-supplier)" [_thread_blocked, id=3272, stack(0x0000000020dd0000,0x0000000020ed0000)]
  0x0000000019ced800 JavaThread "Cache worker for file hash cache (D:\GitCode\Android-Pratice\SwordDemoLibrary\.gradle\6.1.1\fileHashes)" [_thread_blocked, id=31172, stack(0x0000000020690000,0x0000000020790000)]
  0x0000000019cea800 JavaThread "Cache worker for checksums cache (D:\GitCode\Android-Pratice\SwordDemoLibrary\.gradle\checksums)" [_thread_blocked, id=27700, stack(0x0000000020590000,0x0000000020690000)]
  0x0000000019cea000 JavaThread "Cache worker for file hash cache (C:\Users\Administrator\.gradle\caches\6.1.1\fileHashes)" [_thread_blocked, id=33412, stack(0x000000001e2f0000,0x000000001e3f0000)]
  0x0000000019ce9000 JavaThread "File lock request listener" [_thread_in_native, id=36588, stack(0x000000001e1f0000,0x000000001e2f0000)]
  0x0000000019ce7800 JavaThread "Cache worker for journal cache (C:\Users\Administrator\.gradle\caches\journal-1)" [_thread_blocked, id=18364, stack(0x000000001e0f0000,0x000000001e1f0000)]
  0x000000001c2dd800 JavaThread "Thread-9" [_thread_blocked, id=29464, stack(0x000000001ddf0000,0x000000001def0000)]
  0x000000001c3b8800 JavaThread "Stdin handler" [_thread_blocked, id=14108, stack(0x000000001dcf0000,0x000000001ddf0000)]
  0x000000001c2da000 JavaThread "Asynchronous log dispatcher for DefaultDaemonConnection: socket connection from /127.0.0.1:51393 to /127.0.0.1:51395" [_thread_blocked, id=35488, stack(0x000000001dbf0000,0x000000001dcf0000)]
  0x000000001c34e000 JavaThread "Daemon worker" [_thread_blocked, id=36412, stack(0x000000001daf0000,0x000000001dbf0000)]
  0x000000001c34c000 JavaThread "Cancel handler" [_thread_blocked, id=10804, stack(0x000000001d7f0000,0x000000001d8f0000)]
  0x000000001c34b000 JavaThread "Handler for socket connection from /127.0.0.1:51393 to /127.0.0.1:51395" [_thread_in_native, id=16564, stack(0x000000001d6f0000,0x000000001d7f0000)]
  0x000000001b14a000 JavaThread "Daemon" [_thread_blocked, id=30160, stack(0x000000001d5f0000,0x000000001d6f0000)]
  0x000000001c30c000 JavaThread "Daemon periodic checks" [_thread_blocked, id=23744, stack(0x000000001d4f0000,0x000000001d5f0000)]
  0x000000001c30b800 JavaThread "Incoming local TCP Connector on port 51393" [_thread_in_native, id=13084, stack(0x000000001d3f0000,0x000000001d4f0000)]
  0x000000001c203000 JavaThread "Daemon health stats" [_thread_blocked, id=14040, stack(0x000000001d0f0000,0x000000001d1f0000)]
  0x0000000019d89800 JavaThread "Service Thread" daemon [_thread_blocked, id=33600, stack(0x000000001a750000,0x000000001a850000)]
  0x0000000019ce8800 JavaThread "C1 CompilerThread3" daemon [_thread_blocked, id=8444, stack(0x000000001a650000,0x000000001a750000)]
  0x0000000019ced000 JavaThread "C2 CompilerThread2" daemon [_thread_in_native, id=15820, stack(0x000000001a550000,0x000000001a650000)]
  0x0000000019ce2800 JavaThread "C2 CompilerThread1" daemon [_thread_in_native, id=32240, stack(0x000000001a450000,0x000000001a550000)]
=>0x0000000019cdc800 JavaThread "C2 CompilerThread0" daemon [_thread_in_native, id=32840, stack(0x000000001a350000,0x000000001a450000)]
  0x0000000019c8a000 JavaThread "Attach Listener" daemon [_thread_blocked, id=30364, stack(0x000000001a250000,0x000000001a350000)]
  0x0000000019c89000 JavaThread "Signal Dispatcher" daemon [_thread_blocked, id=14568, stack(0x000000001a150000,0x000000001a250000)]
  0x0000000019c70800 JavaThread "Finalizer" daemon [_thread_blocked, id=32, stack(0x000000001a050000,0x000000001a150000)]
  0x0000000017d7d000 JavaThread "Reference Handler" daemon [_thread_blocked, id=34644, stack(0x0000000019b50000,0x0000000019c50000)]
  0x0000000002d0e800 JavaThread "main" [_thread_blocked, id=14008, stack(0x0000000002600000,0x0000000002700000)]

Other Threads:
  0x0000000017d79000 VMThread [stack: 0x0000000019a50000,0x0000000019b50000] [id=28556]
  0x0000000019d13000 WatcherThread [stack: 0x000000001a850000,0x000000001a950000] [id=30532]

VM state:not at safepoint (normal execution)

VM Mutex/Monitor currently owned by a thread: None

Heap:
 PSYoungGen      total 627712K, used 358651K [0x00000000d5580000, 0x00000000ffb80000, 0x0000000100000000)
  eden space 577536K, 62% used [0x00000000d5580000,0x00000000eb3bee50,0x00000000f8980000)
  from space 50176K, 0% used [0x00000000fc800000,0x00000000fc800000,0x00000000ff900000)
  to   space 58368K, 0% used [0x00000000f8980000,0x00000000f8980000,0x00000000fc280000)
 ParOldGen       total 359424K, used 79330K [0x0000000080000000, 0x0000000095f00000, 0x00000000d5580000)
  object space 359424K, 22% used [0x0000000080000000,0x0000000084d78ae0,0x0000000095f00000)
 Metaspace       used 104789K, capacity 110016K, committed 110080K, reserved 1144832K
  class space    used 14127K, capacity 15047K, committed 15104K, reserved 1048576K

Card table byte_map: [0x00000000120d0000,0x00000000124e0000] byte_map_base: 0x0000000011cd0000

Marking Bits: (ParMarkBitMap*) 0x0000000066882d00
 Begin Bits: [0x0000000012f90000, 0x0000000014f90000)
 End Bits:   [0x0000000014f90000, 0x0000000016f90000)

Polling page: 0x0000000000d80000

CodeCache: size=245760Kb used=51103Kb max_used=51103Kb free=194656Kb
 bounds [0x0000000002d10000, 0x0000000005f30000, 0x0000000011d10000]
 total_blobs=17002 nmethods=15943 adapters=968
 compilation: enabled

Compilation events (10 events):
Event: 33.224 Thread 0x0000000019ce8800 nmethod 18784 0x0000000005f28f90 code [0x0000000005f29100, 0x0000000005f294c8]
Event: 33.224 Thread 0x0000000019ce8800 18785       2       com.android.tools.r8.dex.m::f (22 bytes)
Event: 33.224 Thread 0x0000000019ce8800 nmethod 18785 0x0000000005f29650 code [0x0000000005f297c0, 0x0000000005f29998]
Event: 33.225 Thread 0x0000000019ce8800 18786       1       org.gradle.internal.work.DefaultConditionalExecutionQueue::access$100 (5 bytes)
Event: 33.225 Thread 0x0000000019ce8800 nmethod 18786 0x0000000005f29b50 code [0x0000000005f29ca0, 0x0000000005f29d90]
Event: 33.225 Thread 0x0000000019ce8800 18787       2       org.gradle.internal.vfs.impl.DefaultVirtualFileSystem$$Lambda$844/1847882743::get$Lambda (9 bytes)
Event: 33.226 Thread 0x0000000019ce8800 nmethod 18787 0x0000000005f29e10 code [0x0000000005f29f60, 0x0000000005f2a0f0]
Event: 33.226 Thread 0x0000000019ce8800 18788       2       org.gradle.internal.vfs.impl.DefaultVirtualFileSystem$$Lambda$844/1847882743::<init> (10 bytes)
Event: 33.226 Thread 0x0000000019ce8800 nmethod 18788 0x0000000005f2a190 code [0x0000000005f2a2e0, 0x0000000005f2a450]
Event: 33.231 Thread 0x0000000019ce8800 18789       2       org.gradle.internal.vfs.impl.DefaultVirtualFileSystem::snapshot (195 bytes)

GC Heap History (10 events):
Event: 14.953 GC heap before
{Heap before GC invocations=12 (full 3):
 PSYoungGen      total 392192K, used 391786K [0x00000000d5580000, 0x00000000f0880000, 0x0000000100000000)
  eden space 364032K, 100% used [0x00000000d5580000,0x00000000eb900000,0x00000000eb900000)
  from space 28160K, 98% used [0x00000000eed00000,0x00000000f081a968,0x00000000f0880000)
  to   space 32768K, 0% used [0x00000000ec880000,0x00000000ec880000,0x00000000ee880000)
 ParOldGen       total 248832K, used 34130K [0x0000000080000000, 0x000000008f300000, 0x00000000d5580000)
  object space 248832K, 13% used [0x0000000080000000,0x0000000082154b48,0x000000008f300000)
 Metaspace       used 74404K, capacity 78370K, committed 78592K, reserved 1116160K
  class space    used 10224K, capacity 10916K, committed 11008K, reserved 1048576K
Event: 14.986 GC heap after
Heap after GC invocations=12 (full 3):
 PSYoungGen      total 412672K, used 30855K [0x00000000d5580000, 0x00000000f6300000, 0x0000000100000000)
  eden space 379904K, 0% used [0x00000000d5580000,0x00000000d5580000,0x00000000ec880000)
  from space 32768K, 94% used [0x00000000ec880000,0x00000000ee6a1ed0,0x00000000ee880000)
  to   space 36864K, 0% used [0x00000000f3f00000,0x00000000f3f00000,0x00000000f6300000)
 ParOldGen       total 248832K, used 34138K [0x0000000080000000, 0x000000008f300000, 0x00000000d5580000)
  object space 248832K, 13% used [0x0000000080000000,0x0000000082156b48,0x000000008f300000)
 Metaspace       used 74404K, capacity 78370K, committed 78592K, reserved 1116160K
  class space    used 10224K, capacity 10916K, committed 11008K, reserved 1048576K
}
Event: 16.689 GC heap before
{Heap before GC invocations=13 (full 3):
 PSYoungGen      total 412672K, used 410759K [0x00000000d5580000, 0x00000000f6300000, 0x0000000100000000)
  eden space 379904K, 100% used [0x00000000d5580000,0x00000000ec880000,0x00000000ec880000)
  from space 32768K, 94% used [0x00000000ec880000,0x00000000ee6a1ed0,0x00000000ee880000)
  to   space 36864K, 0% used [0x00000000f3f00000,0x00000000f3f00000,0x00000000f6300000)
 ParOldGen       total 248832K, used 34317K [0x0000000080000000, 0x000000008f300000, 0x00000000d5580000)
  object space 248832K, 13% used [0x0000000080000000,0x0000000082183708,0x000000008f300000)
 Metaspace       used 76808K, capacity 80964K, committed 81152K, reserved 1120256K
  class space    used 10473K, capacity 11215K, committed 11264K, reserved 1048576K
Event: 16.742 GC heap after
Heap after GC invocations=13 (full 3):
 PSYoungGen      total 493568K, used 36850K [0x00000000d5580000, 0x00000000f9400000, 0x0000000100000000)
  eden space 456704K, 0% used [0x00000000d5580000,0x00000000d5580000,0x00000000f1380000)
  from space 36864K, 99% used [0x00000000f3f00000,0x00000000f62fcb90,0x00000000f6300000)
  to   space 44544K, 0% used [0x00000000f1380000,0x00000000f1380000,0x00000000f3f00000)
 ParOldGen       total 248832K, used 40258K [0x0000000080000000, 0x000000008f300000, 0x00000000d5580000)
  object space 248832K, 16% used [0x0000000080000000,0x0000000082750bd0,0x000000008f300000)
 Metaspace       used 76808K, capacity 80964K, committed 81152K, reserved 1120256K
  class space    used 10473K, capacity 11215K, committed 11264K, reserved 1048576K
}
Event: 21.398 GC heap before
{Heap before GC invocations=14 (full 3):
 PSYoungGen      total 493568K, used 493554K [0x00000000d5580000, 0x00000000f9400000, 0x0000000100000000)
  eden space 456704K, 100% used [0x00000000d5580000,0x00000000f1380000,0x00000000f1380000)
  from space 36864K, 99% used [0x00000000f3f00000,0x00000000f62fcb90,0x00000000f6300000)
  to   space 44544K, 0% used [0x00000000f1380000,0x00000000f1380000,0x00000000f3f00000)
 ParOldGen       total 248832K, used 40262K [0x0000000080000000, 0x000000008f300000, 0x00000000d5580000)
  object space 248832K, 16% used [0x0000000080000000,0x0000000082751908,0x000000008f300000)
 Metaspace       used 82952K, capacity 87332K, committed 87552K, reserved 1124352K
  class space    used 11160K, capacity 11929K, committed 12032K, reserved 1048576K
Event: 21.445 GC heap after
Heap after GC invocations=14 (full 3):
 PSYoungGen      total 501248K, used 42206K [0x00000000d5580000, 0x00000000ff900000, 0x0000000100000000)
  eden space 456704K, 0% used [0x00000000d5580000,0x00000000d5580000,0x00000000f1380000)
  from space 44544K, 94% used [0x00000000f1380000,0x00000000f3cb7b58,0x00000000f3f00000)
  to   space 50176K, 0% used [0x00000000fc800000,0x00000000fc800000,0x00000000ff900000)
 ParOldGen       total 248832K, used 40270K [0x0000000080000000, 0x000000008f300000, 0x00000000d5580000)
  object space 248832K, 16% used [0x0000000080000000,0x0000000082753908,0x000000008f300000)
 Metaspace       used 82952K, capacity 87332K, committed 87552K, reserved 1124352K
  class space    used 11160K, capacity 11929K, committed 12032K, reserved 1048576K
}
Event: 29.476 GC heap before
{Heap before GC invocations=15 (full 3):
 PSYoungGen      total 501248K, used 260029K [0x00000000d5580000, 0x00000000ff900000, 0x0000000100000000)
  eden space 456704K, 47% used [0x00000000d5580000,0x00000000e2a37998,0x00000000f1380000)
  from space 44544K, 94% used [0x00000000f1380000,0x00000000f3cb7b58,0x00000000f3f00000)
  to   space 50176K, 0% used [0x00000000fc800000,0x00000000fc800000,0x00000000ff900000)
 ParOldGen       total 248832K, used 40270K [0x0000000080000000, 0x000000008f300000, 0x00000000d5580000)
  object space 248832K, 16% used [0x0000000080000000,0x0000000082753908,0x000000008f300000)
 Metaspace       used 93742K, capacity 98392K, committed 98560K, reserved 1134592K
  class space    used 12651K, capacity 13475K, committed 13568K, reserved 1048576K
Event: 29.510 GC heap after
Heap after GC invocations=15 (full 3):
 PSYoungGen      total 627712K, used 50154K [0x00000000d5580000, 0x00000000ffb80000, 0x0000000100000000)
  eden space 577536K, 0% used [0x00000000d5580000,0x00000000d5580000,0x00000000f8980000)
  from space 50176K, 99% used [0x00000000fc800000,0x00000000ff8faa38,0x00000000ff900000)
  to   space 58368K, 0% used [0x00000000f8980000,0x00000000f8980000,0x00000000fc280000)
 ParOldGen       total 248832K, used 42465K [0x0000000080000000, 0x000000008f300000, 0x00000000d5580000)
  object space 248832K, 17% used [0x0000000080000000,0x00000000829787b8,0x000000008f300000)
 Metaspace       used 93742K, capacity 98392K, committed 98560K, reserved 1134592K
  class space    used 12651K, capacity 13475K, committed 13568K, reserved 1048576K
}
Event: 29.510 GC heap before
{Heap before GC invocations=16 (full 4):
 PSYoungGen      total 627712K, used 50154K [0x00000000d5580000, 0x00000000ffb80000, 0x0000000100000000)
  eden space 577536K, 0% used [0x00000000d5580000,0x00000000d5580000,0x00000000f8980000)
  from space 50176K, 99% used [0x00000000fc800000,0x00000000ff8faa38,0x00000000ff900000)
  to   space 58368K, 0% used [0x00000000f8980000,0x00000000f8980000,0x00000000fc280000)
 ParOldGen       total 248832K, used 42465K [0x0000000080000000, 0x000000008f300000, 0x00000000d5580000)
  object space 248832K, 17% used [0x0000000080000000,0x00000000829787b8,0x000000008f300000)
 Metaspace       used 93742K, capacity 98392K, committed 98560K, reserved 1134592K
  class space    used 12651K, capacity 13475K, committed 13568K, reserved 1048576K
Event: 29.677 GC heap after
Heap after GC invocations=16 (full 4):
 PSYoungGen      total 627712K, used 0K [0x00000000d5580000, 0x00000000ffb80000, 0x0000000100000000)
  eden space 577536K, 0% used [0x00000000d5580000,0x00000000d5580000,0x00000000f8980000)
  from space 50176K, 0% used [0x00000000fc800000,0x00000000fc800000,0x00000000ff900000)
  to   space 58368K, 0% used [0x00000000f8980000,0x00000000f8980000,0x00000000fc280000)
 ParOldGen       total 359424K, used 79330K [0x0000000080000000, 0x0000000095f00000, 0x00000000d5580000)
  object space 359424K, 22% used [0x0000000080000000,0x0000000084d78ae0,0x0000000095f00000)
 Metaspace       used 93247K, capacity 96904K, committed 98560K, reserved 1134592K
  class space    used 12489K, capacity 13195K, committed 13568K, reserved 1048576K
}

Deoptimization events (10 events):
Event: 32.982 Thread 0x0000000026695000 Uncommon trap: reason=bimorphic action=maybe_recompile pc=0x0000000005643be4 method=java.io.ObjectOutputStream$BlockDataOutputStream.write([BIIZ)V @ 23
Event: 32.982 Thread 0x0000000026695000 Uncommon trap: reason=bimorphic action=maybe_recompile pc=0x0000000005643be4 method=java.io.ObjectOutputStream$BlockDataOutputStream.write([BIIZ)V @ 23
Event: 32.997 Thread 0x0000000026695000 Uncommon trap: reason=bimorphic action=maybe_recompile pc=0x000000000539ab14 method=java.security.MessageDigest$Delegate.clone()Ljava/lang/Object; @ 14
Event: 32.997 Thread 0x0000000026695000 Uncommon trap: reason=bimorphic action=maybe_recompile pc=0x000000000539ab14 method=java.security.MessageDigest$Delegate.clone()Ljava/lang/Object; @ 14
Event: 33.007 Thread 0x00000000266a0800 Uncommon trap: reason=unstable_if action=reinterpret pc=0x0000000005d8de44 method=com.android.tools.r8.ir.conversion.o.b(Lcom/android/tools/r8/r/n/z;)Z @ 25
Event: 33.007 Thread 0x0000000026695000 Uncommon trap: reason=bimorphic action=maybe_recompile pc=0x000000000539ab14 method=java.security.MessageDigest$Delegate.clone()Ljava/lang/Object; @ 14
Event: 33.009 Thread 0x0000000026695000 Uncommon trap: reason=bimorphic action=maybe_recompile pc=0x000000000539ab14 method=java.security.MessageDigest$Delegate.clone()Ljava/lang/Object; @ 14
Event: 33.192 Thread 0x00000000266a0800 Uncommon trap: reason=unloaded action=reinterpret pc=0x0000000005dae864 method=com.android.tools.r8.graph.h0.a(Lcom/android/tools/r8/graph/f0;)Lcom/android/tools/r8/graph/h0; @ 115
Event: 33.196 Thread 0x00000000266a0800 Uncommon trap: reason=array_check action=maybe_recompile pc=0x0000000005d827b8 method=java.util.TimSort.binarySort([Ljava/lang/Object;IIILjava/util/Comparator;)V @ 183
Event: 33.196 Thread 0x00000000266a0800 Uncommon trap: reason=array_check action=maybe_recompile pc=0x0000000005d827b8 method=java.util.TimSort.binarySort([Ljava/lang/Object;IIILjava/util/Comparator;)V @ 183

Classes redefined (0 events):
No events

Internal exceptions (10 events):
Event: 33.204 Thread 0x00000000266a0800 Exception <a 'sun/nio/fs/WindowsException'> (0x00000000eafc3f80) thrown at [C:\re\workspace\8-2-build-windows-amd64-cygwin\jdk8u181\11358\hotspot\src\share\vm\prims\jni.cpp, line 709]
Event: 33.205 Thread 0x00000000266a0800 Exception <a 'sun/nio/fs/WindowsException'> (0x00000000eafcbea8) thrown at [C:\re\workspace\8-2-build-windows-amd64-cygwin\jdk8u181\11358\hotspot\src\share\vm\prims\jni.cpp, line 709]
Event: 33.208 Thread 0x00000000266a0800 Exception <a 'sun/nio/fs/WindowsException'> (0x00000000eb093ab8) thrown at [C:\re\workspace\8-2-build-windows-amd64-cygwin\jdk8u181\11358\hotspot\src\share\vm\prims\jni.cpp, line 709]
Event: 33.209 Thread 0x00000000266a0800 Exception <a 'sun/nio/fs/WindowsException'> (0x00000000eb0dad90) thrown at [C:\re\workspace\8-2-build-windows-amd64-cygwin\jdk8u181\11358\hotspot\src\share\vm\prims\jni.cpp, line 709]
Event: 33.213 Thread 0x00000000266a0800 Exception <a 'sun/nio/fs/WindowsException'> (0x00000000eb136b30) thrown at [C:\re\workspace\8-2-build-windows-amd64-cygwin\jdk8u181\11358\hotspot\src\share\vm\prims\jni.cpp, line 709]
Event: 33.215 Thread 0x00000000266a0800 Exception <a 'sun/nio/fs/WindowsException'> (0x00000000eb17ecc8) thrown at [C:\re\workspace\8-2-build-windows-amd64-cygwin\jdk8u181\11358\hotspot\src\share\vm\prims\jni.cpp, line 709]
Event: 33.217 Thread 0x00000000266a0800 Exception <a 'sun/nio/fs/WindowsException'> (0x00000000eb188118) thrown at [C:\re\workspace\8-2-build-windows-amd64-cygwin\jdk8u181\11358\hotspot\src\share\vm\prims\jni.cpp, line 709]
Event: 33.218 Thread 0x00000000266a0800 Exception <a 'sun/nio/fs/WindowsException'> (0x00000000eb215410) thrown at [C:\re\workspace\8-2-build-windows-amd64-cygwin\jdk8u181\11358\hotspot\src\share\vm\prims\jni.cpp, line 709]
Event: 33.220 Thread 0x00000000266a0800 Exception <a 'sun/nio/fs/WindowsException'> (0x00000000eb260800) thrown at [C:\re\workspace\8-2-build-windows-amd64-cygwin\jdk8u181\11358\hotspot\src\share\vm\prims\jni.cpp, line 709]
Event: 33.224 Thread 0x00000000266a0800 Exception <a 'sun/nio/fs/WindowsException'> (0x00000000eb26a380) thrown at [C:\re\workspace\8-2-build-windows-amd64-cygwin\jdk8u181\11358\hotspot\src\share\vm\prims\jni.cpp, line 709]

Events (10 events):
Event: 33.192 Thread 0x00000000266a0800 DEOPT PACKING pc=0x0000000005dae864 sp=0x000000002af1dc10
Event: 33.192 Thread 0x00000000266a0800 DEOPT UNPACKING pc=0x0000000002d5583b sp=0x000000002af1db58 mode 2
Event: 33.196 Thread 0x00000000266a0800 Uncommon trap: trap_request=0xffffffd6 fr.pc=0x0000000005d827b8
Event: 33.196 Thread 0x00000000266a0800 DEOPT PACKING pc=0x0000000005d827b8 sp=0x000000002af1dc70
Event: 33.196 Thread 0x00000000266a0800 DEOPT UNPACKING pc=0x0000000002d5583b sp=0x000000002af1dc10 mode 2
Event: 33.196 Thread 0x00000000266a0800 Uncommon trap: trap_request=0xffffffd6 fr.pc=0x0000000005d827b8
Event: 33.196 Thread 0x00000000266a0800 DEOPT PACKING pc=0x0000000005d827b8 sp=0x000000002af1dc80
Event: 33.196 Thread 0x00000000266a0800 DEOPT UNPACKING pc=0x0000000002d5583b sp=0x000000002af1dc20 mode 2
Event: 33.214 Executing VM operation: ForceSafepoint
Event: 33.214 Executing VM operation: ForceSafepoint done


Dynamic libraries:
0x00007ff7f57f0000 - 0x00007ff7f5827000 	D:\Java\jdk1.8.0_181\bin\java.exe
0x00007ffb92cd0000 - 0x00007ffb92ec6000 	C:\Windows\SYSTEM32\ntdll.dll
0x00007ffb92890000 - 0x00007ffb9294d000 	C:\Windows\System32\KERNEL32.DLL
0x00007ffb909e0000 - 0x00007ffb90ca9000 	C:\Windows\System32\KERNELBASE.dll
0x00007ffb927e0000 - 0x00007ffb9288c000 	C:\Windows\System32\ADVAPI32.dll
0x00007ffb90f90000 - 0x00007ffb9102e000 	C:\Windows\System32\msvcrt.dll
0x00007ffb92620000 - 0x00007ffb926bc000 	C:\Windows\System32\sechost.dll
0x00007ffb92950000 - 0x00007ffb92a7b000 	C:\Windows\System32\RPCRT4.dll
0x00007ffb91180000 - 0x00007ffb91320000 	C:\Windows\System32\USER32.dll
0x00007ffb904b0000 - 0x00007ffb904d2000 	C:\Windows\System32\win32u.dll
0x00007ffb92540000 - 0x00007ffb9256a000 	C:\Windows\System32\GDI32.dll
0x00007ffb90880000 - 0x00007ffb9098b000 	C:\Windows\System32\gdi32full.dll
0x00007ffb90410000 - 0x00007ffb904ad000 	C:\Windows\System32\msvcp_win.dll
0x00007ffb90540000 - 0x00007ffb90640000 	C:\Windows\System32\ucrtbase.dll
0x00007ffb829c0000 - 0x00007ffb82c5b000 	C:\Windows\WinSxS\amd64_microsoft.windows.common-controls_6595b64144ccf1df_6.0.19041.746_none_ca02b4b61b8320a4\COMCTL32.dll
0x00007ffb91330000 - 0x00007ffb91360000 	C:\Windows\System32\IMM32.DLL
0x0000000066910000 - 0x00000000669e2000 	D:\Java\jdk1.8.0_181\jre\bin\msvcr100.dll
0x0000000066060000 - 0x0000000066902000 	D:\Java\jdk1.8.0_181\jre\bin\server\jvm.dll
0x00007ffb91320000 - 0x00007ffb91328000 	C:\Windows\System32\PSAPI.DLL
0x00007ffb81e70000 - 0x00007ffb81e79000 	C:\Windows\SYSTEM32\WSOCK32.dll
0x00007ffb81e80000 - 0x00007ffb81ea7000 	C:\Windows\SYSTEM32\WINMM.dll
0x00007ffb91360000 - 0x00007ffb913cb000 	C:\Windows\System32\WS2_32.dll
0x00007ffb8b0e0000 - 0x00007ffb8b0ea000 	C:\Windows\SYSTEM32\VERSION.dll
0x0000000066050000 - 0x000000006605f000 	D:\Java\jdk1.8.0_181\jre\bin\verify.dll
0x0000000066020000 - 0x0000000066049000 	D:\Java\jdk1.8.0_181\jre\bin\java.dll
0x0000000066000000 - 0x0000000066016000 	D:\Java\jdk1.8.0_181\jre\bin\zip.dll
0x00007ffb91850000 - 0x00007ffb91f92000 	C:\Windows\System32\SHELL32.dll
0x00007ffb8e580000 - 0x00007ffb8ed10000 	C:\Windows\SYSTEM32\windows.storage.dll
0x00007ffb920b0000 - 0x00007ffb92406000 	C:\Windows\System32\combase.dll
0x00007ffb8fe00000 - 0x00007ffb8fe2c000 	C:\Windows\SYSTEM32\Wldp.dll
0x00007ffb92570000 - 0x00007ffb9261e000 	C:\Windows\System32\SHCORE.dll
0x00007ffb910c0000 - 0x00007ffb91115000 	C:\Windows\System32\shlwapi.dll
0x00007ffb90340000 - 0x00007ffb90366000 	C:\Windows\SYSTEM32\profapi.dll
0x0000000065fe0000 - 0x0000000065ffa000 	D:\Java\jdk1.8.0_181\jre\bin\net.dll
0x00007ffb8fb20000 - 0x00007ffb8fb8a000 	C:\Windows\system32\mswsock.dll
0x0000000065fc0000 - 0x0000000065fd1000 	D:\Java\jdk1.8.0_181\jre\bin\nio.dll
0x00007ffb73c20000 - 0x00007ffb73c46000 	C:\Users\Administrator\.gradle\native\31\windows-amd64\native-platform.dll
0x0000000065fb0000 - 0x0000000065fbd000 	D:\Java\jdk1.8.0_181\jre\bin\management.dll
0x00007ffb8fcf0000 - 0x00007ffb8fd08000 	C:\Windows\SYSTEM32\CRYPTSP.dll
0x00007ffb8f4c0000 - 0x00007ffb8f4f4000 	C:\Windows\system32\rsaenh.dll
0x00007ffb90640000 - 0x00007ffb90667000 	C:\Windows\System32\bcrypt.dll
0x00007ffb90300000 - 0x00007ffb9032e000 	C:\Windows\SYSTEM32\USERENV.dll
0x00007ffb90cb0000 - 0x00007ffb90d30000 	C:\Windows\System32\bcryptprimitives.dll
0x00007ffb8fd10000 - 0x00007ffb8fd1c000 	C:\Windows\SYSTEM32\CRYPTBASE.dll
0x00007ffb8f810000 - 0x00007ffb8f84b000 	C:\Windows\SYSTEM32\IPHLPAPI.DLL
0x00007ffb90f00000 - 0x00007ffb90f08000 	C:\Windows\System32\NSI.dll
0x00007ffb88cc0000 - 0x00007ffb88cd7000 	C:\Windows\SYSTEM32\dhcpcsvc6.DLL
0x00007ffb88ca0000 - 0x00007ffb88cbd000 	C:\Windows\SYSTEM32\dhcpcsvc.DLL
0x00007ffb8f850000 - 0x00007ffb8f91b000 	C:\Windows\SYSTEM32\DNSAPI.dll
0x0000000065f80000 - 0x0000000065fa4000 	D:\Java\jdk1.8.0_181\jre\bin\sunec.dll
0x00007ffb88a40000 - 0x00007ffb88a4a000 	C:\Windows\System32\rasadhlp.dll
0x00007ffb83e00000 - 0x00007ffb83e7f000 	C:\Windows\System32\fwpuclnt.dll
0x0000000065f70000 - 0x0000000065f7b000 	D:\Java\jdk1.8.0_181\jre\bin\sunmscapi.dll
0x00007ffb90670000 - 0x00007ffb907c6000 	C:\Windows\System32\CRYPT32.dll
0x00007ffb762a0000 - 0x00007ffb762b7000 	C:\Windows\system32\napinsp.dll
0x00007ffb75d30000 - 0x00007ffb75d4b000 	C:\Windows\system32\pnrpnsp.dll
0x00007ffb6c080000 - 0x00007ffb6c095000 	C:\Windows\system32\wshbth.dll
0x00007ffb8b780000 - 0x00007ffb8b79d000 	C:\Windows\system32\NLAapi.dll
0x00007ffb759e0000 - 0x00007ffb759f2000 	C:\Windows\System32\winrnr.dll
0x00007ffb8f150000 - 0x00007ffb8f183000 	C:\Windows\SYSTEM32\ntmarta.dll
0x00007ffb8dd90000 - 0x00007ffb8de20000 	C:\Windows\system32\apphelp.dll
0x0000000065dd0000 - 0x0000000065f69000 	D:\Java\jdk1.8.0_181\jre\bin\awt.dll
0x00007ffb90e10000 - 0x00007ffb90edd000 	C:\Windows\System32\OLEAUT32.dll
0x00007ffb8e270000 - 0x00007ffb8e29f000 	C:\Windows\system32\DWMAPI.DLL
0x00007ffb8dec0000 - 0x00007ffb8df5e000 	C:\Windows\system32\uxtheme.dll
0x0000000065da0000 - 0x0000000065dca000 	D:\Java\jdk1.8.0_181\jre\bin\dcpr.dll
0x00007ffb75960000 - 0x00007ffb7597e000 	C:\Users\Administrator\AppData\Local\Temp\native-platform4888365046067205972dir\native-platform.dll

VM Arguments:
jvm_args: -Xmx2048m -Dfile.encoding=GBK -Duser.country=CN -Duser.language=zh -Duser.variant 
java_command: org.gradle.launcher.daemon.bootstrap.GradleDaemon 6.1.1
java_class_path (initial): C:\Users\Administrator\.gradle\wrapper\dists\gradle-6.1.1-all\cfmwm155h49vnt3hynmlrsdst\gradle-6.1.1\lib\gradle-launcher-6.1.1.jar
Launcher Type: SUN_STANDARD

Environment Variables:
JAVA_HOME=D:\Java\jdk1.8.0_181
CLASSPATH=D:\GitCode\Android-Pratice\SwordDemoLibrary\\gradle\wrapper\gradle-wrapper.jar
PATH=C:\Program Files (x86)\Common Files\Oracle\Java\javapath;C:\Windows\system32;C:\Windows;C:\Windows\System32\Wbem;C:\Windows\System32\WindowsPowerShell\v1.0\;C:\Windows\System32\OpenSSH\;D:\TortoiseSVN\bin;D:\Java\jdk1.8.0_181\bin;D:\Git\cmd;D:\nodejs\;D:\Program Files\new\AndroidSDK\platform-tools;C:\Users\Administrator\AppData\Local\Microsoft\WindowsApps;C:\Program Files\Bandizip\;D:\Microsoft VS Code\bin;C:\Users\Administrator\AppData\Roaming\npm
USERNAME=Administrator
OS=Windows_NT
PROCESSOR_IDENTIFIER=Intel64 Family 6 Model 158 Stepping 9, GenuineIntel



---------------  S Y S T E M  ---------------

OS: Windows 10.0 , 64 bit Build 19041 (10.0.19041.804)

CPU:total 8 (initial active 8) (4 cores per cpu, 2 threads per core) family 6 model 158 stepping 9, cmov, cx8, fxsr, mmx, sse, sse2, sse3, ssse3, sse4.1, sse4.2, popcnt, avx, avx2, aes, clmul, erms, rtm, 3dnowpref, lzcnt, ht, tsc, tscinvbit, bmi1, bmi2, adx

Memory: 4k page, physical 16641968k(1282072k free), swap 45945644k(10820k free)

vm_info: Java HotSpot(TM) 64-Bit Server VM (25.181-b13) for windows-amd64 JRE (1.8.0_181-b13), built on Jul  7 2018 04:01:33 by "java_re" with MS VC++ 10.0 (VS2010)

time: Fri Apr 02 10:49:08 2021
elapsed time: 33 seconds (0d 0h 0m 33s)

